# JRE version: Java(TM) SE Runtime Environment (25.0.1+8) (build 25.0.1+8-LTS-27)
# Java VM: Java HotSpot(TM) 64-Bit Server VM (25.0.1+8-LTS-27, mixed mode, sharing, tiered, compressed oops, compressed class ptrs, g1 gc, windows-amd64)
GC Precious Log:
 CardTable entry size: 512
 Card Set container configuration: InlinePtr #cards 4 size 8 Array Of Cards #cards 32 size 80 Howl #buckets 8 coarsen threshold 7372 Howl Bitmap #cards 1024 size 144 coarsen threshold 921 Card regions per heap region 1 cards per card region 8192
 CPUs: 12 total, 12 available
 Memory: 32373M
 Large Page Support: Disabled
 NUMA Support: Disabled
 Compressed Oops: Enabled (Zero based)
 Heap Region Size: 4M
 Heap Min Capacity: 8M
 Heap Initial Capacity: 508M
 Heap Max Capacity: 8096M
 Pre-touch: Disabled
 Parallel Workers: 10
 Concurrent Workers: 3
 Concurrent Refinement Workers: 10
 Periodic GC: Disabled
Heap:
 garbage-first heap   total reserved 8290304K, committed 73728K, used 17129K [0x0000000606000000, 0x0000000800000000)
  region size 4096K, 3 young (12288K), 2 survivors (8192K)
GC Heap Usage History (8 events):
Event: 0.543 {heap Before GC invocations=0 (full 0):
 garbage-first heap   total reserved 8290304K, committed 524288K, used 50325K [0x0000000606000000, 0x0000000800000000)
  region size 4096K, 12 young (49152K), 0 survivors (0K)
}
Event: 0.545 {heap After GC invocations=1 (full 0):
 garbage-first heap   total reserved 8290304K, committed 524288K, used 6165K [0x0000000606000000, 0x0000000800000000)
  region size 4096K, 2 young (8192K), 2 survivors (8192K)
}
Event: 3.580 {heap Before GC invocations=1 (full 0):
 garbage-first heap   total reserved 8290304K, committed 524288K, used 51221K [0x0000000606000000, 0x0000000800000000)
  region size 4096K, 14 young (57344K), 2 survivors (8192K)
}
Event: 3.583 {heap After GC invocations=2 (full 0):
 garbage-first heap   total reserved 8290304K, committed 524288K, used 11858K [0x0000000606000000, 0x0000000800000000)
  region size 4096K, 3 young (12288K), 3 survivors (12288K)
}
Event: 3.948 {heap Before GC invocations=3 (full 0):
 garbage-first heap   total reserved 8290304K, committed 57344K, used 52818K [0x0000000606000000, 0x0000000800000000)
  region size 4096K, 13 young (53248K), 3 survivors (12288K)
}
Event: 3.952 {heap After GC invocations=4 (full 0):
 garbage-first heap   total reserved 8290304K, committed 73728K, used 14576K [0x0000000606000000, 0x0000000800000000)
  region size 4096K, 4 young (16384K), 4 survivors (16384K)
}
Event: 13.369 {heap Before GC invocations=4 (full 0):
 garbage-first heap   total reserved 8290304K, committed 73728K, used 39152K [0x0000000606000000, 0x0000000800000000)
  region size 4096K, 10 young (40960K), 4 survivors (16384K)
}
Event: 13.374 {heap After GC invocations=5 (full 0):
 garbage-first heap   total reserved 8290304K, committed 73728K, used 17129K [0x0000000606000000, 0x0000000800000000)
  region size 4096K, 2 young (8192K), 2 survivors (8192K)
}

